2022/09/06-00:55:04 - ML.py - run_animation_ca - DEBUG - Initial:
_____________________________________________________________________
|   Car    |   Lane   |   Position   |   Velocity   |   Max Speed   |
‾‾‾‾‾‾‾‾‾‾‾‾‾‾‾‾‾‾‾‾‾‾‾‾‾‾‾‾‾‾‾‾‾‾‾‾‾‾‾‾‾‾‾‾‾‾‾‾‾‾‾‾‾‾‾‾‾‾‾‾‾‾‾‾‾‾‾‾‾
_____________________________________________________________________
|     1    |      1   |   0.000000   |   0.000000   |   2.0000000   |
|     2    |      2   |   0.000000   |   0.000000   |   2.0000000   |
|     3    |      3   |   0.000000   |   0.000000   |   2.0000000   |
|     4    |      1   |   1.000000   |   0.000000   |   2.0000000   |
|     5    |      2   |   1.000000   |   0.000000   |   2.0000000   |
|     6    |      3   |   1.000000   |   0.000000   |   2.0000000   |
|     7    |      1   |   2.000000   |   0.000000   |   2.0000000   |
|     8    |      2   |   2.000000   |   0.000000   |   2.0000000   |
|     9    |      3   |   2.000000   |   0.000000   |   2.0000000   |
|    10    |      1   |   3.000000   |   0.000000   |   2.0000000   |
|    11    |      2   |   3.000000   |   0.000000   |   2.0000000   |
|    12    |      3   |   3.000000   |   0.000000   |   2.0000000   |
|    13    |      1   |   4.000000   |   0.000000   |   2.0000000   |
|    14    |      2   |   4.000000   |   0.000000   |   2.0000000   |
|    15    |      3   |   4.000000   |   0.000000   |   2.0000000   |
|    16    |      1   |   5.000000   |   0.000000   |   2.0000000   |
|    17    |      2   |   5.000000   |   0.000000   |   2.0000000   |
|    18    |      3   |   5.000000   |   0.000000   |   2.0000000   |
|    19    |      1   |   6.000000   |   0.000000   |   2.0000000   |
|    20    |      2   |   6.000000   |   0.000000   |   2.0000000   |
|    21    |      3   |   6.000000   |   0.000000   |   2.0000000   |
|    22    |      1   |   7.000000   |   0.000000   |   2.0000000   |
|    23    |      2   |   7.000000   |   0.000000   |   2.0000000   |
|    24    |      3   |   7.000000   |   0.000000   |   2.0000000   |
|    25    |      1   |   8.000000   |   0.000000   |   2.0000000   |
|    26    |      2   |   8.000000   |   0.000000   |   2.0000000   |
|    27    |      3   |   8.000000   |   0.000000   |   2.0000000   |
|    28    |      1   |   9.000000   |   0.000000   |   2.0000000   |
|    29    |      2   |   9.000000   |   0.000000   |   2.0000000   |
|    30    |      3   |   9.000000   |   0.000000   |   2.0000000   |
|    31    |      1   |   10.00000   |   0.000000   |   2.0000000   |
|    32    |      2   |   10.00000   |   0.000000   |   2.0000000   |
|    33    |      3   |   10.00000   |   0.000000   |   2.0000000   |
|    34    |      1   |   11.00000   |   0.000000   |   2.0000000   |
|    35    |      2   |   11.00000   |   0.000000   |   2.0000000   |
|    36    |      3   |   11.00000   |   0.000000   |   2.0000000   |
|    37    |      1   |   12.00000   |   0.000000   |   2.0000000   |
|    38    |      2   |   12.00000   |   0.000000   |   2.0000000   |
|    39    |      3   |   12.00000   |   0.000000   |   2.0000000   |
|    40    |      1   |   13.00000   |   0.000000   |   2.0000000   |
|    41    |      2   |   13.00000   |   0.000000   |   2.0000000   |
|    42    |      3   |   13.00000   |   0.000000   |   2.0000000   |
|    43    |      1   |   14.00000   |   0.000000   |   2.0000000   |
|    44    |      2   |   14.00000   |   0.000000   |   2.0000000   |
|    45    |      3   |   14.00000   |   0.000000   |   2.0000000   |
|    46    |      1   |   15.00000   |   0.000000   |   2.0000000   |
|    47    |      2   |   15.00000   |   0.000000   |   2.0000000   |
|    48    |      3   |   15.00000   |   0.000000   |   2.0000000   |
|    49    |      1   |   16.00000   |   0.000000   |   2.0000000   |
|    50    |      2   |   16.00000   |   0.000000   |   2.0000000   |
|    51    |      3   |   16.00000   |   0.000000   |   2.0000000   |
|    52    |      1   |   17.00000   |   0.000000   |   2.0000000   |
|    53    |      2   |   17.00000   |   0.000000   |   2.0000000   |
|    54    |      3   |   17.00000   |   0.000000   |   2.0000000   |
|    55    |      1   |   18.00000   |   0.000000   |   2.0000000   |
|    56    |      2   |   18.00000   |   0.000000   |   2.0000000   |
|    57    |      3   |   18.00000   |   0.000000   |   2.0000000   |
|    58    |      1   |   19.00000   |   0.000000   |   2.0000000   |
|    59    |      2   |   19.00000   |   0.000000   |   2.0000000   |
|    60    |      3   |   19.00000   |   0.000000   |   2.0000000   |
|    61    |      1   |   20.00000   |   0.000000   |   2.0000000   |
|    62    |      2   |   20.00000   |   0.000000   |   2.0000000   |
|    63    |      3   |   20.00000   |   0.000000   |   2.0000000   |
|    64    |      1   |   21.00000   |   0.000000   |   2.0000000   |
|    65    |      2   |   21.00000   |   0.000000   |   2.0000000   |
|    66    |      3   |   21.00000   |   0.000000   |   2.0000000   |
|    67    |      1   |   22.00000   |   0.000000   |   2.0000000   |
|    68    |      2   |   22.00000   |   0.000000   |   2.0000000   |
|    69    |      3   |   22.00000   |   0.000000   |   2.0000000   |
|    70    |      1   |   23.00000   |   0.000000   |   2.0000000   |
|    71    |      2   |   23.00000   |   0.000000   |   2.0000000   |
|    72    |      3   |   23.00000   |   0.000000   |   2.0000000   |
|    73    |      1   |   24.00000   |   0.000000   |   2.0000000   |
|    74    |      2   |   24.00000   |   0.000000   |   2.0000000   |
|    75    |      3   |   24.00000   |   0.000000   |   2.0000000   |
|    76    |      1   |   25.00000   |   0.000000   |   2.0000000   |
|    77    |      2   |   25.00000   |   0.000000   |   2.0000000   |
|    78    |      3   |   25.00000   |   0.000000   |   2.0000000   |
|    79    |      1   |   26.00000   |   0.000000   |   2.0000000   |
|    80    |      2   |   26.00000   |   0.000000   |   2.0000000   |
|    81    |      3   |   26.00000   |   0.000000   |   2.0000000   |
|    82    |      1   |   27.00000   |   0.000000   |   2.0000000   |
|    83    |      2   |   27.00000   |   0.000000   |   2.0000000   |
|    84    |      3   |   27.00000   |   0.000000   |   2.0000000   |
|    85    |      1   |   28.00000   |   0.000000   |   2.0000000   |
|    86    |      2   |   28.00000   |   0.000000   |   2.0000000   |
|    87    |      3   |   28.00000   |   0.000000   |   2.0000000   |
|    88    |      1   |   29.00000   |   0.000000   |   2.0000000   |
|    89    |      2   |   29.00000   |   0.000000   |   2.0000000   |
|    90    |      3   |   29.00000   |   0.000000   |   2.0000000   |
|    91    |      1   |   30.00000   |   0.000000   |   2.0000000   |
|    92    |      2   |   30.00000   |   0.000000   |   2.0000000   |
|    93    |      3   |   30.00000   |   0.000000   |   2.0000000   |
|    94    |      1   |   31.00000   |   0.000000   |   2.0000000   |
|    95    |      2   |   31.00000   |   0.000000   |   2.0000000   |
|    96    |      3   |   31.00000   |   0.000000   |   2.0000000   |
|    97    |      1   |   32.00000   |   0.000000   |   2.0000000   |
|    98    |      2   |   32.00000   |   0.000000   |   2.0000000   |
|    99    |      3   |   32.00000   |   0.000000   |   2.0000000   |
|   100    |      1   |   33.00000   |   0.000000   |   2.0000000   |
|   101    |      2   |   33.00000   |   0.000000   |   2.0000000   |
|   102    |      3   |   33.00000   |   0.000000   |   2.0000000   |
|   103    |      1   |   34.00000   |   0.000000   |   2.0000000   |
|   104    |      2   |   34.00000   |   0.000000   |   2.0000000   |
|   105    |      3   |   34.00000   |   0.000000   |   2.0000000   |
|   106    |      1   |   35.00000   |   0.000000   |   2.0000000   |
|   107    |      2   |   35.00000   |   0.000000   |   2.0000000   |
|   108    |      3   |   35.00000   |   0.000000   |   2.0000000   |
|   109    |      1   |   36.00000   |   0.000000   |   2.0000000   |
|   110    |      2   |   36.00000   |   0.000000   |   2.0000000   |
|   111    |      3   |   36.00000   |   0.000000   |   2.0000000   |
|   112    |      1   |   37.00000   |   0.000000   |   2.0000000   |
|   113    |      2   |   37.00000   |   0.000000   |   2.0000000   |
|   114    |      3   |   37.00000   |   0.000000   |   2.0000000   |
|   115    |      1   |   38.00000   |   0.000000   |   2.0000000   |
|   116    |      2   |   38.00000   |   0.000000   |   2.0000000   |
|   117    |      3   |   38.00000   |   0.000000   |   2.0000000   |
|   118    |      1   |   39.00000   |   0.000000   |   2.0000000   |
|   119    |      2   |   39.00000   |   0.000000   |   2.0000000   |
|   120    |      3   |   39.00000   |   0.000000   |   2.0000000   |
|   121    |      1   |   40.00000   |   0.000000   |   2.0000000   |
|   122    |      2   |   40.00000   |   0.000000   |   2.0000000   |
|   123    |      3   |   40.00000   |   0.000000   |   2.0000000   |
|   124    |      1   |   41.00000   |   0.000000   |   2.0000000   |
|   125    |      2   |   41.00000   |   0.000000   |   2.0000000   |
|   126    |      3   |   41.00000   |   0.000000   |   2.0000000   |
|   127    |      1   |   42.00000   |   0.000000   |   2.0000000   |
|   128    |      2   |   42.00000   |   0.000000   |   2.0000000   |
|   129    |      3   |   42.00000   |   0.000000   |   2.0000000   |
|   130    |      1   |   43.00000   |   0.000000   |   2.0000000   |
|   131    |      2   |   43.00000   |   0.000000   |   2.0000000   |
|   132    |      3   |   43.00000   |   0.000000   |   2.0000000   |
|   133    |      1   |   44.00000   |   0.000000   |   2.0000000   |
|   134    |      2   |   44.00000   |   0.000000   |   2.0000000   |
|   135    |      3   |   44.00000   |   0.000000   |   2.0000000   |
|   136    |      1   |   45.00000   |   0.000000   |   2.0000000   |
|   137    |      2   |   45.00000   |   0.000000   |   2.0000000   |
|   138    |      3   |   45.00000   |   0.000000   |   2.0000000   |
|   139    |      1   |   46.00000   |   0.000000   |   2.0000000   |
|   140    |      2   |   46.00000   |   0.000000   |   2.0000000   |
|   141    |      3   |   46.00000   |   0.000000   |   2.0000000   |
|   142    |      1   |   47.00000   |   0.000000   |   2.0000000   |
|   143    |      2   |   47.00000   |   0.000000   |   2.0000000   |
|   144    |      3   |   47.00000   |   0.000000   |   2.0000000   |
|   145    |      1   |   48.00000   |   0.000000   |   2.0000000   |
|   146    |      2   |   48.00000   |   0.000000   |   2.0000000   |
|   147    |      3   |   48.00000   |   0.000000   |   2.0000000   |
|   148    |      1   |   49.00000   |   0.000000   |   2.0000000   |
|   149    |      2   |   49.00000   |   0.000000   |   2.0000000   |
|   150    |      3   |   49.00000   |   0.000000   |   2.0000000   |
|   151    |      1   |   50.00000   |   0.000000   |   2.0000000   |
|   152    |      2   |   50.00000   |   0.000000   |   2.0000000   |
|   153    |      3   |   50.00000   |   0.000000   |   2.0000000   |
|   154    |      1   |   51.00000   |   0.000000   |   2.0000000   |
|   155    |      2   |   51.00000   |   0.000000   |   2.0000000   |
|   156    |      3   |   51.00000   |   0.000000   |   2.0000000   |
|   157    |      1   |   52.00000   |   0.000000   |   2.0000000   |
|   158    |      2   |   52.00000   |   0.000000   |   2.0000000   |
|   159    |      3   |   52.00000   |   0.000000   |   2.0000000   |
|   160    |      1   |   53.00000   |   0.000000   |   2.0000000   |
|   161    |      2   |   53.00000   |   0.000000   |   2.0000000   |
|   162    |      3   |   53.00000   |   0.000000   |   2.0000000   |
|   163    |      1   |   54.00000   |   0.000000   |   2.0000000   |
|   164    |      2   |   54.00000   |   0.000000   |   2.0000000   |
|   165    |      3   |   54.00000   |   0.000000   |   2.0000000   |
|   166    |      1   |   55.00000   |   0.000000   |   2.0000000   |
|   167    |      2   |   55.00000   |   0.000000   |   2.0000000   |
|   168    |      3   |   55.00000   |   0.000000   |   2.0000000   |
|   169    |      1   |   56.00000   |   0.000000   |   2.0000000   |
|   170    |      2   |   56.00000   |   0.000000   |   2.0000000   |
|   171    |      3   |   56.00000   |   0.000000   |   2.0000000   |
|   172    |      1   |   57.00000   |   0.000000   |   2.0000000   |
|   173    |      2   |   57.00000   |   0.000000   |   2.0000000   |
|   174    |      3   |   57.00000   |   0.000000   |   2.0000000   |
|   175    |      1   |   58.00000   |   0.000000   |   2.0000000   |
|   176    |      2   |   58.00000   |   0.000000   |   2.0000000   |
|   177    |      3   |   58.00000   |   0.000000   |   2.0000000   |
|   178    |      1   |   59.00000   |   0.000000   |   2.0000000   |
|   179    |      2   |   59.00000   |   0.000000   |   2.0000000   |
|   180    |      3   |   59.00000   |   0.000000   |   2.0000000   |
|   181    |      1   |   60.00000   |   0.000000   |   2.0000000   |
|   182    |      2   |   60.00000   |   0.000000   |   2.0000000   |
|   183    |      3   |   60.00000   |   0.000000   |   2.0000000   |
|   184    |      1   |   61.00000   |   0.000000   |   2.0000000   |
|   185    |      2   |   61.00000   |   0.000000   |   2.0000000   |
|   186    |      3   |   61.00000   |   0.000000   |   2.0000000   |
|   187    |      1   |   62.00000   |   0.000000   |   2.0000000   |
|   188    |      2   |   62.00000   |   0.000000   |   2.0000000   |
|   189    |      3   |   62.00000   |   0.000000   |   2.0000000   |
|   190    |      1   |   63.00000   |   0.000000   |   2.0000000   |
|   191    |      2   |   63.00000   |   0.000000   |   2.0000000   |
|   192    |      3   |   63.00000   |   0.000000   |   2.0000000   |
|   193    |      1   |   64.00000   |   0.000000   |   2.0000000   |
|   194    |      2   |   64.00000   |   0.000000   |   2.0000000   |
|   195    |      3   |   64.00000   |   0.000000   |   2.0000000   |
|   196    |      1   |   65.00000   |   0.000000   |   2.0000000   |
|   197    |      2   |   65.00000   |   0.000000   |   2.0000000   |
|   198    |      3   |   65.00000   |   0.000000   |   2.0000000   |
|   199    |      1   |   66.00000   |   0.000000   |   2.0000000   |
|   200    |      2   |   66.00000   |   0.000000   |   2.0000000   |
|   201    |      3   |   66.00000   |   0.000000   |   2.0000000   |
|   202    |      1   |   67.00000   |   0.000000   |   2.0000000   |
|   203    |      2   |   67.00000   |   0.000000   |   2.0000000   |
|   204    |      3   |   67.00000   |   0.000000   |   2.0000000   |
|   205    |      1   |   68.00000   |   0.000000   |   2.0000000   |
|   206    |      2   |   68.00000   |   0.000000   |   2.0000000   |
|   207    |      3   |   68.00000   |   0.000000   |   2.0000000   |
|   208    |      1   |   69.00000   |   0.000000   |   2.0000000   |
|   209    |      2   |   69.00000   |   0.000000   |   2.0000000   |
|   210    |      3   |   69.00000   |   0.000000   |   2.0000000   |
|   211    |      1   |   70.00000   |   0.000000   |   2.0000000   |
|   212    |      2   |   70.00000   |   0.000000   |   2.0000000   |
|   213    |      3   |   70.00000   |   0.000000   |   2.0000000   |
|   214    |      1   |   71.00000   |   0.000000   |   2.0000000   |
|   215    |      2   |   71.00000   |   0.000000   |   2.0000000   |
|   216    |      3   |   71.00000   |   0.000000   |   2.0000000   |
|   217    |      1   |   72.00000   |   0.000000   |   2.0000000   |
|   218    |      2   |   72.00000   |   0.000000   |   2.0000000   |
|   219    |      3   |   72.00000   |   0.000000   |   2.0000000   |
|   220    |      1   |   73.00000   |   0.000000   |   2.0000000   |
|   221    |      2   |   73.00000   |   0.000000   |   2.0000000   |
|   222    |      3   |   73.00000   |   0.000000   |   2.0000000   |
|   223    |      1   |   74.00000   |   0.000000   |   2.0000000   |
|   224    |      2   |   74.00000   |   0.000000   |   2.0000000   |
|   225    |      3   |   74.00000   |   0.000000   |   2.0000000   |
|   226    |      1   |   75.00000   |   0.000000   |   2.0000000   |
|   227    |      2   |   75.00000   |   0.000000   |   2.0000000   |
|   228    |      3   |   75.00000   |   0.000000   |   2.0000000   |
|   229    |      1   |   76.00000   |   0.000000   |   2.0000000   |
|   230    |      2   |   76.00000   |   0.000000   |   2.0000000   |
|   231    |      3   |   76.00000   |   0.000000   |   2.0000000   |
|   232    |      1   |   77.00000   |   0.000000   |   2.0000000   |
|   233    |      2   |   77.00000   |   0.000000   |   2.0000000   |
|   234    |      3   |   77.00000   |   0.000000   |   2.0000000   |
|   235    |      1   |   78.00000   |   0.000000   |   2.0000000   |
|   236    |      2   |   78.00000   |   0.000000   |   2.0000000   |
|   237    |      3   |   78.00000   |   0.000000   |   2.0000000   |
|   238    |      1   |   79.00000   |   0.000000   |   2.0000000   |
|   239    |      2   |   79.00000   |   0.000000   |   2.0000000   |
|   240    |      3   |   79.00000   |   0.000000   |   2.0000000   |
|   241    |      1   |   80.00000   |   0.000000   |   2.0000000   |
|   242    |      2   |   80.00000   |   0.000000   |   2.0000000   |
|   243    |      3   |   80.00000   |   0.000000   |   2.0000000   |
|   244    |      1   |   81.00000   |   0.000000   |   2.0000000   |
|   245    |      2   |   81.00000   |   0.000000   |   2.0000000   |
|   246    |      3   |   81.00000   |   0.000000   |   2.0000000   |
|   247    |      1   |   82.00000   |   0.000000   |   2.0000000   |
|   248    |      2   |   82.00000   |   0.000000   |   2.0000000   |
|   249    |      3   |   82.00000   |   0.000000   |   2.0000000   |
|   250    |      1   |   83.00000   |   0.000000   |   2.0000000   |
|   251    |      2   |   83.00000   |   0.000000   |   2.0000000   |
|   252    |      3   |   83.00000   |   0.000000   |   2.0000000   |
|   253    |      1   |   84.00000   |   0.000000   |   2.0000000   |
|   254    |      2   |   84.00000   |   0.000000   |   2.0000000   |
|   255    |      3   |   84.00000   |   0.000000   |   2.0000000   |
|   256    |      1   |   85.00000   |   0.000000   |   2.0000000   |
|   257    |      2   |   85.00000   |   0.000000   |   2.0000000   |
|   258    |      3   |   85.00000   |   0.000000   |   2.0000000   |
|   259    |      1   |   86.00000   |   0.000000   |   2.0000000   |
|   260    |      2   |   86.00000   |   0.000000   |   2.0000000   |
|   261    |      3   |   86.00000   |   0.000000   |   2.0000000   |
|   262    |      1   |   87.00000   |   0.000000   |   2.0000000   |
|   263    |      2   |   87.00000   |   0.000000   |   2.0000000   |
|   264    |      3   |   87.00000   |   0.000000   |   2.0000000   |
|   265    |      1   |   88.00000   |   0.000000   |   2.0000000   |
|   266    |      2   |   88.00000   |   0.000000   |   2.0000000   |
|   267    |      3   |   88.00000   |   0.000000   |   2.0000000   |
|   268    |      1   |   89.00000   |   0.000000   |   2.0000000   |
|   269    |      2   |   89.00000   |   0.000000   |   2.0000000   |
|   270    |      3   |   89.00000   |   0.000000   |   2.0000000   |
‾‾‾‾‾‾‾‾‾‾‾‾‾‾‾‾‾‾‾‾‾‾‾‾‾‾‾‾‾‾‾‾‾‾‾‾‾‾‾‾‾‾‾‾‾‾‾‾‾‾‾‾‾‾‾‾‾‾‾‾‾‾‾‾‾‾‾‾‾

